{"uid":"b10403234d87d7be","name":"test_decorator_steps","fullName":"tests.test_selene_with_decorator#test_decorator_steps","historyId":"27e976fcd76dae8a84d795faf4d94272","time":{"start":1697136475620,"stop":1697136476522,"duration":902},"status":"broken","statusMessage":"selenium.common.exceptions.SessionNotCreatedException: Message: session not created: Chrome failed to start: exited normally.\n  (session not created: DevToolsActivePort file doesn't exist)\n  (The process started from chrome location /opt/google/chrome/chrome is no longer running, so ChromeDriver is assuming that Chrome has crashed.)\nStacktrace:\n#0 0x55b1c5784fb3 <unknown>\n#1 0x55b1c54584a7 <unknown>\n#2 0x55b1c548bc93 <unknown>\n#3 0x55b1c548810c <unknown>\n#4 0x55b1c54caac6 <unknown>\n#5 0x55b1c54c1713 <unknown>\n#6 0x55b1c549418b <unknown>\n#7 0x55b1c5494f7e <unknown>\n#8 0x55b1c574a8d8 <unknown>\n#9 0x55b1c574e800 <unknown>\n#10 0x55b1c5758cfc <unknown>\n#11 0x55b1c574f418 <unknown>\n#12 0x55b1c571c42f <unknown>\n#13 0x55b1c57734e8 <unknown>\n#14 0x55b1c57736b4 <unknown>\n#15 0x55b1c5784143 <unknown>\n#16 0x7f2b66094b43 <unknown>","statusTrace":"@allure.tag('web')\n    @allure.severity(Severity.CRITICAL)\n    @allure.label('owner', 's.tuvykina')\n    @allure.feature(\"Задача в репозитории #76\")\n    @allure.story(\"Я могу увидеть задачу с номером #76\")\n    @allure.link(\"https://github.com\", name=\"Testing\")\n    def test_decorator_steps():\n>       open_main_page()\n\ntests/test_selene_with_decorator.py:15: \n_ _ _ _ _ _ _ _ _ _ _ _ _ _ _ _ _ _ _ _ _ _ _ _ _ _ _ _ _ _ _ _ _ _ _ _ _ _ _ _ \ntests/test_selene_with_decorator.py:24: in open_main_page\n    browser.open(\"https://github.com\")\n/opt/hostedtoolcache/Python/3.11.5/x64/lib/python3.11/site-packages/selene/core/entity.py:1155: in open\n    self.config._executor.get_url(relative_or_absolute_url)\n/opt/hostedtoolcache/Python/3.11.5/x64/lib/python3.11/site-packages/selene/core/configuration.py:301: in get_url\n    self.config._driver_get_url_strategy(self.config)(url)\n/opt/hostedtoolcache/Python/3.11.5/x64/lib/python3.11/site-packages/selene/core/configuration.py:216: in get\n    driver = config.driver\n/opt/hostedtoolcache/Python/3.11.5/x64/lib/python3.11/site-packages/selene/core/configuration.py:343: in __get__\n    driver = config.build_driver_strategy(config)\n/opt/hostedtoolcache/Python/3.11.5/x64/lib/python3.11/site-packages/selene/core/configuration.py:171: in _build_local_driver_by_name_or_remote_by_url_and_options\n    return {  # type: ignore\n/opt/hostedtoolcache/Python/3.11.5/x64/lib/python3.11/site-packages/selene/core/configuration.py:93: in install_and_build_chrome\n    return Chrome(\n/opt/hostedtoolcache/Python/3.11.5/x64/lib/python3.11/site-packages/selenium/webdriver/chrome/webdriver.py:45: in __init__\n    super().__init__(\n/opt/hostedtoolcache/Python/3.11.5/x64/lib/python3.11/site-packages/selenium/webdriver/chromium/webdriver.py:56: in __init__\n    super().__init__(\n/opt/hostedtoolcache/Python/3.11.5/x64/lib/python3.11/site-packages/selenium/webdriver/remote/webdriver.py:205: in __init__\n    self.start_session(capabilities)\n/opt/hostedtoolcache/Python/3.11.5/x64/lib/python3.11/site-packages/selenium/webdriver/remote/webdriver.py:289: in start_session\n    response = self.execute(Command.NEW_SESSION, caps)[\"value\"]\n/opt/hostedtoolcache/Python/3.11.5/x64/lib/python3.11/site-packages/selenium/webdriver/remote/webdriver.py:344: in execute\n    self.error_handler.check_response(response)\n_ _ _ _ _ _ _ _ _ _ _ _ _ _ _ _ _ _ _ _ _ _ _ _ _ _ _ _ _ _ _ _ _ _ _ _ _ _ _ _ \n\nself = <selenium.webdriver.remote.errorhandler.ErrorHandler object at 0x7fdb0c7603d0>\nresponse = {'status': 500, 'value': '{\"value\":{\"error\":\"session not created\",\"message\":\"session not created: Chrome failed to sta...\\\\n#14 0x55b1c57736b4 \\\\u003Cunknown>\\\\n#15 0x55b1c5784143 \\\\u003Cunknown>\\\\n#16 0x7f2b66094b43 \\\\u003Cunknown>\\\\n\"}}'}\n\n    def check_response(self, response: Dict[str, Any]) -> None:\n        \"\"\"Checks that a JSON response from the WebDriver does not have an\n        error.\n    \n        :Args:\n         - response - The JSON response from the WebDriver server as a dictionary\n           object.\n    \n        :Raises: If the response contains an error message.\n        \"\"\"\n        status = response.get(\"status\", None)\n        if not status or status == ErrorCode.SUCCESS:\n            return\n        value = None\n        message = response.get(\"message\", \"\")\n        screen: str = response.get(\"screen\", \"\")\n        stacktrace = None\n        if isinstance(status, int):\n            value_json = response.get(\"value\", None)\n            if value_json and isinstance(value_json, str):\n                import json\n    \n                try:\n                    value = json.loads(value_json)\n                    if len(value) == 1:\n                        value = value[\"value\"]\n                    status = value.get(\"error\", None)\n                    if not status:\n                        status = value.get(\"status\", ErrorCode.UNKNOWN_ERROR)\n                        message = value.get(\"value\") or value.get(\"message\")\n                        if not isinstance(message, str):\n                            value = message\n                            message = message.get(\"message\")\n                    else:\n                        message = value.get(\"message\", None)\n                except ValueError:\n                    pass\n    \n        exception_class: Type[WebDriverException]\n        e = ErrorCode()\n        error_codes = [item for item in dir(e) if not item.startswith(\"__\")]\n        for error_code in error_codes:\n            error_info = getattr(ErrorCode, error_code)\n            if isinstance(error_info, list) and status in error_info:\n                exception_class = getattr(ExceptionMapping, error_code, WebDriverException)\n                break\n        else:\n            exception_class = WebDriverException\n    \n        if not value:\n            value = response[\"value\"]\n        if isinstance(value, str):\n            raise exception_class(value)\n        if message == \"\" and \"message\" in value:\n            message = value[\"message\"]\n    \n        screen = None  # type: ignore[assignment]\n        if \"screen\" in value:\n            screen = value[\"screen\"]\n    \n        stacktrace = None\n        st_value = value.get(\"stackTrace\") or value.get(\"stacktrace\")\n        if st_value:\n            if isinstance(st_value, str):\n                stacktrace = st_value.split(\"\\n\")\n            else:\n                stacktrace = []\n                try:\n                    for frame in st_value:\n                        line = frame.get(\"lineNumber\", \"\")\n                        file = frame.get(\"fileName\", \"<anonymous>\")\n                        if line:\n                            file = f\"{file}:{line}\"\n                        meth = frame.get(\"methodName\", \"<anonymous>\")\n                        if \"className\" in frame:\n                            meth = f\"{frame['className']}.{meth}\"\n                        msg = \"    at %s (%s)\"\n                        msg = msg % (meth, file)\n                        stacktrace.append(msg)\n                except TypeError:\n                    pass\n        if exception_class == UnexpectedAlertPresentException:\n            alert_text = None\n            if \"data\" in value:\n                alert_text = value[\"data\"].get(\"text\")\n            elif \"alert\" in value:\n                alert_text = value[\"alert\"].get(\"text\")\n            raise exception_class(message, screen, stacktrace, alert_text)  # type: ignore[call-arg]  # mypy is not smart enough here\n>       raise exception_class(message, screen, stacktrace)\nE       selenium.common.exceptions.SessionNotCreatedException: Message: session not created: Chrome failed to start: exited normally.\nE         (session not created: DevToolsActivePort file doesn't exist)\nE         (The process started from chrome location /opt/google/chrome/chrome is no longer running, so ChromeDriver is assuming that Chrome has crashed.)\nE       Stacktrace:\nE       #0 0x55b1c5784fb3 <unknown>\nE       #1 0x55b1c54584a7 <unknown>\nE       #2 0x55b1c548bc93 <unknown>\nE       #3 0x55b1c548810c <unknown>\nE       #4 0x55b1c54caac6 <unknown>\nE       #5 0x55b1c54c1713 <unknown>\nE       #6 0x55b1c549418b <unknown>\nE       #7 0x55b1c5494f7e <unknown>\nE       #8 0x55b1c574a8d8 <unknown>\nE       #9 0x55b1c574e800 <unknown>\nE       #10 0x55b1c5758cfc <unknown>\nE       #11 0x55b1c574f418 <unknown>\nE       #12 0x55b1c571c42f <unknown>\nE       #13 0x55b1c57734e8 <unknown>\nE       #14 0x55b1c57736b4 <unknown>\nE       #15 0x55b1c5784143 <unknown>\nE       #16 0x7f2b66094b43 <unknown>\n\n/opt/hostedtoolcache/Python/3.11.5/x64/lib/python3.11/site-packages/selenium/webdriver/remote/errorhandler.py:229: SessionNotCreatedException","flaky":false,"newFailed":false,"newBroken":false,"newPassed":false,"retriesCount":0,"retriesStatusChange":false,"beforeStages":[{"name":"browser_size","time":{"start":1697136473483,"stop":1697136473483,"duration":0},"status":"passed","steps":[],"attachments":[],"parameters":[],"shouldDisplayMessage":false,"stepsCount":0,"attachmentsCount":0,"hasContent":false}],"testStage":{"status":"broken","statusMessage":"selenium.common.exceptions.SessionNotCreatedException: Message: session not created: Chrome failed to start: exited normally.\n  (session not created: DevToolsActivePort file doesn't exist)\n  (The process started from chrome location /opt/google/chrome/chrome is no longer running, so ChromeDriver is assuming that Chrome has crashed.)\nStacktrace:\n#0 0x55b1c5784fb3 <unknown>\n#1 0x55b1c54584a7 <unknown>\n#2 0x55b1c548bc93 <unknown>\n#3 0x55b1c548810c <unknown>\n#4 0x55b1c54caac6 <unknown>\n#5 0x55b1c54c1713 <unknown>\n#6 0x55b1c549418b <unknown>\n#7 0x55b1c5494f7e <unknown>\n#8 0x55b1c574a8d8 <unknown>\n#9 0x55b1c574e800 <unknown>\n#10 0x55b1c5758cfc <unknown>\n#11 0x55b1c574f418 <unknown>\n#12 0x55b1c571c42f <unknown>\n#13 0x55b1c57734e8 <unknown>\n#14 0x55b1c57736b4 <unknown>\n#15 0x55b1c5784143 <unknown>\n#16 0x7f2b66094b43 <unknown>","statusTrace":"@allure.tag('web')\n    @allure.severity(Severity.CRITICAL)\n    @allure.label('owner', 's.tuvykina')\n    @allure.feature(\"Задача в репозитории #76\")\n    @allure.story(\"Я могу увидеть задачу с номером #76\")\n    @allure.link(\"https://github.com\", name=\"Testing\")\n    def test_decorator_steps():\n>       open_main_page()\n\ntests/test_selene_with_decorator.py:15: \n_ _ _ _ _ _ _ _ _ _ _ _ _ _ _ _ _ _ _ _ _ _ _ _ _ _ _ _ _ _ _ _ _ _ _ _ _ _ _ _ \ntests/test_selene_with_decorator.py:24: in open_main_page\n    browser.open(\"https://github.com\")\n/opt/hostedtoolcache/Python/3.11.5/x64/lib/python3.11/site-packages/selene/core/entity.py:1155: in open\n    self.config._executor.get_url(relative_or_absolute_url)\n/opt/hostedtoolcache/Python/3.11.5/x64/lib/python3.11/site-packages/selene/core/configuration.py:301: in get_url\n    self.config._driver_get_url_strategy(self.config)(url)\n/opt/hostedtoolcache/Python/3.11.5/x64/lib/python3.11/site-packages/selene/core/configuration.py:216: in get\n    driver = config.driver\n/opt/hostedtoolcache/Python/3.11.5/x64/lib/python3.11/site-packages/selene/core/configuration.py:343: in __get__\n    driver = config.build_driver_strategy(config)\n/opt/hostedtoolcache/Python/3.11.5/x64/lib/python3.11/site-packages/selene/core/configuration.py:171: in _build_local_driver_by_name_or_remote_by_url_and_options\n    return {  # type: ignore\n/opt/hostedtoolcache/Python/3.11.5/x64/lib/python3.11/site-packages/selene/core/configuration.py:93: in install_and_build_chrome\n    return Chrome(\n/opt/hostedtoolcache/Python/3.11.5/x64/lib/python3.11/site-packages/selenium/webdriver/chrome/webdriver.py:45: in __init__\n    super().__init__(\n/opt/hostedtoolcache/Python/3.11.5/x64/lib/python3.11/site-packages/selenium/webdriver/chromium/webdriver.py:56: in __init__\n    super().__init__(\n/opt/hostedtoolcache/Python/3.11.5/x64/lib/python3.11/site-packages/selenium/webdriver/remote/webdriver.py:205: in __init__\n    self.start_session(capabilities)\n/opt/hostedtoolcache/Python/3.11.5/x64/lib/python3.11/site-packages/selenium/webdriver/remote/webdriver.py:289: in start_session\n    response = self.execute(Command.NEW_SESSION, caps)[\"value\"]\n/opt/hostedtoolcache/Python/3.11.5/x64/lib/python3.11/site-packages/selenium/webdriver/remote/webdriver.py:344: in execute\n    self.error_handler.check_response(response)\n_ _ _ _ _ _ _ _ _ _ _ _ _ _ _ _ _ _ _ _ _ _ _ _ _ _ _ _ _ _ _ _ _ _ _ _ _ _ _ _ \n\nself = <selenium.webdriver.remote.errorhandler.ErrorHandler object at 0x7fdb0c7603d0>\nresponse = {'status': 500, 'value': '{\"value\":{\"error\":\"session not created\",\"message\":\"session not created: Chrome failed to sta...\\\\n#14 0x55b1c57736b4 \\\\u003Cunknown>\\\\n#15 0x55b1c5784143 \\\\u003Cunknown>\\\\n#16 0x7f2b66094b43 \\\\u003Cunknown>\\\\n\"}}'}\n\n    def check_response(self, response: Dict[str, Any]) -> None:\n        \"\"\"Checks that a JSON response from the WebDriver does not have an\n        error.\n    \n        :Args:\n         - response - The JSON response from the WebDriver server as a dictionary\n           object.\n    \n        :Raises: If the response contains an error message.\n        \"\"\"\n        status = response.get(\"status\", None)\n        if not status or status == ErrorCode.SUCCESS:\n            return\n        value = None\n        message = response.get(\"message\", \"\")\n        screen: str = response.get(\"screen\", \"\")\n        stacktrace = None\n        if isinstance(status, int):\n            value_json = response.get(\"value\", None)\n            if value_json and isinstance(value_json, str):\n                import json\n    \n                try:\n                    value = json.loads(value_json)\n                    if len(value) == 1:\n                        value = value[\"value\"]\n                    status = value.get(\"error\", None)\n                    if not status:\n                        status = value.get(\"status\", ErrorCode.UNKNOWN_ERROR)\n                        message = value.get(\"value\") or value.get(\"message\")\n                        if not isinstance(message, str):\n                            value = message\n                            message = message.get(\"message\")\n                    else:\n                        message = value.get(\"message\", None)\n                except ValueError:\n                    pass\n    \n        exception_class: Type[WebDriverException]\n        e = ErrorCode()\n        error_codes = [item for item in dir(e) if not item.startswith(\"__\")]\n        for error_code in error_codes:\n            error_info = getattr(ErrorCode, error_code)\n            if isinstance(error_info, list) and status in error_info:\n                exception_class = getattr(ExceptionMapping, error_code, WebDriverException)\n                break\n        else:\n            exception_class = WebDriverException\n    \n        if not value:\n            value = response[\"value\"]\n        if isinstance(value, str):\n            raise exception_class(value)\n        if message == \"\" and \"message\" in value:\n            message = value[\"message\"]\n    \n        screen = None  # type: ignore[assignment]\n        if \"screen\" in value:\n            screen = value[\"screen\"]\n    \n        stacktrace = None\n        st_value = value.get(\"stackTrace\") or value.get(\"stacktrace\")\n        if st_value:\n            if isinstance(st_value, str):\n                stacktrace = st_value.split(\"\\n\")\n            else:\n                stacktrace = []\n                try:\n                    for frame in st_value:\n                        line = frame.get(\"lineNumber\", \"\")\n                        file = frame.get(\"fileName\", \"<anonymous>\")\n                        if line:\n                            file = f\"{file}:{line}\"\n                        meth = frame.get(\"methodName\", \"<anonymous>\")\n                        if \"className\" in frame:\n                            meth = f\"{frame['className']}.{meth}\"\n                        msg = \"    at %s (%s)\"\n                        msg = msg % (meth, file)\n                        stacktrace.append(msg)\n                except TypeError:\n                    pass\n        if exception_class == UnexpectedAlertPresentException:\n            alert_text = None\n            if \"data\" in value:\n                alert_text = value[\"data\"].get(\"text\")\n            elif \"alert\" in value:\n                alert_text = value[\"alert\"].get(\"text\")\n            raise exception_class(message, screen, stacktrace, alert_text)  # type: ignore[call-arg]  # mypy is not smart enough here\n>       raise exception_class(message, screen, stacktrace)\nE       selenium.common.exceptions.SessionNotCreatedException: Message: session not created: Chrome failed to start: exited normally.\nE         (session not created: DevToolsActivePort file doesn't exist)\nE         (The process started from chrome location /opt/google/chrome/chrome is no longer running, so ChromeDriver is assuming that Chrome has crashed.)\nE       Stacktrace:\nE       #0 0x55b1c5784fb3 <unknown>\nE       #1 0x55b1c54584a7 <unknown>\nE       #2 0x55b1c548bc93 <unknown>\nE       #3 0x55b1c548810c <unknown>\nE       #4 0x55b1c54caac6 <unknown>\nE       #5 0x55b1c54c1713 <unknown>\nE       #6 0x55b1c549418b <unknown>\nE       #7 0x55b1c5494f7e <unknown>\nE       #8 0x55b1c574a8d8 <unknown>\nE       #9 0x55b1c574e800 <unknown>\nE       #10 0x55b1c5758cfc <unknown>\nE       #11 0x55b1c574f418 <unknown>\nE       #12 0x55b1c571c42f <unknown>\nE       #13 0x55b1c57734e8 <unknown>\nE       #14 0x55b1c57736b4 <unknown>\nE       #15 0x55b1c5784143 <unknown>\nE       #16 0x7f2b66094b43 <unknown>\n\n/opt/hostedtoolcache/Python/3.11.5/x64/lib/python3.11/site-packages/selenium/webdriver/remote/errorhandler.py:229: SessionNotCreatedException","steps":[{"name":"Открыть главную страницу github.com","time":{"start":1697136475620,"stop":1697136476520,"duration":900},"status":"broken","statusMessage":"selenium.common.exceptions.SessionNotCreatedException: Message: session not created: Chrome failed to start: exited normally.\n  (session not created: DevToolsActivePort file doesn't exist)\n  (The process started from chrome location /opt/google/chrome/chrome is no longer running, so ChromeDriver is assuming that Chrome has crashed.)\nStacktrace:\n#0 0x55b1c5784fb3 <unknown>\n#1 0x55b1c54584a7 <unknown>\n#2 0x55b1c548bc93 <unknown>\n#3 0x55b1c548810c <unknown>\n#4 0x55b1c54caac6 <unknown>\n#5 0x55b1c54c1713 <unknown>\n#6 0x55b1c549418b <unknown>\n#7 0x55b1c5494f7e <unknown>\n#8 0x55b1c574a8d8 <unknown>\n#9 0x55b1c574e800 <unknown>\n#10 0x55b1c5758cfc <unknown>\n#11 0x55b1c574f418 <unknown>\n#12 0x55b1c571c42f <unknown>\n#13 0x55b1c57734e8 <unknown>\n#14 0x55b1c57736b4 <unknown>\n#15 0x55b1c5784143 <unknown>\n#16 0x7f2b66094b43 <unknown>\n\n","statusTrace":"  File \"/opt/hostedtoolcache/Python/3.11.5/x64/lib/python3.11/site-packages/allure_commons/_allure.py\", line 192, in impl\n    return func(*a, **kw)\n           ^^^^^^^^^^^^^^\n  File \"/home/runner/work/qa_guru_python_8_9/qa_guru_python_8_9/tests/test_selene_with_decorator.py\", line 24, in open_main_page\n    browser.open(\"https://github.com\")\n  File \"/opt/hostedtoolcache/Python/3.11.5/x64/lib/python3.11/site-packages/selene/core/entity.py\", line 1155, in open\n    self.config._executor.get_url(relative_or_absolute_url)\n  File \"/opt/hostedtoolcache/Python/3.11.5/x64/lib/python3.11/site-packages/selene/core/configuration.py\", line 301, in get_url\n    self.config._driver_get_url_strategy(self.config)(url)\n  File \"/opt/hostedtoolcache/Python/3.11.5/x64/lib/python3.11/site-packages/selene/core/configuration.py\", line 216, in get\n    driver = config.driver\n             ^^^^^^^^^^^^^\n  File \"/opt/hostedtoolcache/Python/3.11.5/x64/lib/python3.11/site-packages/selene/core/configuration.py\", line 343, in __get__\n    driver = config.build_driver_strategy(config)\n             ^^^^^^^^^^^^^^^^^^^^^^^^^^^^^^^^^^^^\n  File \"/opt/hostedtoolcache/Python/3.11.5/x64/lib/python3.11/site-packages/selene/core/configuration.py\", line 171, in _build_local_driver_by_name_or_remote_by_url_and_options\n    return {  # type: ignore\n           ^^^^^^^^^^^^^^^^^\n  File \"/opt/hostedtoolcache/Python/3.11.5/x64/lib/python3.11/site-packages/selene/core/configuration.py\", line 93, in install_and_build_chrome\n    return Chrome(\n           ^^^^^^^\n  File \"/opt/hostedtoolcache/Python/3.11.5/x64/lib/python3.11/site-packages/selenium/webdriver/chrome/webdriver.py\", line 45, in __init__\n    super().__init__(\n  File \"/opt/hostedtoolcache/Python/3.11.5/x64/lib/python3.11/site-packages/selenium/webdriver/chromium/webdriver.py\", line 56, in __init__\n    super().__init__(\n  File \"/opt/hostedtoolcache/Python/3.11.5/x64/lib/python3.11/site-packages/selenium/webdriver/remote/webdriver.py\", line 205, in __init__\n    self.start_session(capabilities)\n  File \"/opt/hostedtoolcache/Python/3.11.5/x64/lib/python3.11/site-packages/selenium/webdriver/remote/webdriver.py\", line 289, in start_session\n    response = self.execute(Command.NEW_SESSION, caps)[\"value\"]\n               ^^^^^^^^^^^^^^^^^^^^^^^^^^^^^^^^^^^^^^^\n  File \"/opt/hostedtoolcache/Python/3.11.5/x64/lib/python3.11/site-packages/selenium/webdriver/remote/webdriver.py\", line 344, in execute\n    self.error_handler.check_response(response)\n  File \"/opt/hostedtoolcache/Python/3.11.5/x64/lib/python3.11/site-packages/selenium/webdriver/remote/errorhandler.py\", line 229, in check_response\n    raise exception_class(message, screen, stacktrace)\n","steps":[],"attachments":[],"parameters":[],"shouldDisplayMessage":true,"stepsCount":0,"attachmentsCount":0,"hasContent":true}],"attachments":[{"uid":"3aabdd833dfd5968","name":"stderr","source":"3aabdd833dfd5968.txt","type":"text/plain","size":258}],"parameters":[],"shouldDisplayMessage":true,"stepsCount":1,"attachmentsCount":1,"hasContent":true},"afterStages":[{"name":"browser_size::0","time":{"start":1697136477523,"stop":1697136477523,"duration":0},"status":"passed","steps":[],"attachments":[],"parameters":[],"shouldDisplayMessage":false,"stepsCount":0,"attachmentsCount":0,"hasContent":false}],"labels":[{"name":"severity","value":"critical"},{"name":"owner","value":"s.tuvykina"},{"name":"tag","value":"web"},{"name":"feature","value":"Задача в репозитории #76"},{"name":"story","value":"Я могу увидеть задачу с номером #76"},{"name":"parentSuite","value":"tests"},{"name":"suite","value":"test_selene_with_decorator"},{"name":"host","value":"fv-az404-59"},{"name":"thread","value":"2285-MainThread"},{"name":"framework","value":"pytest"},{"name":"language","value":"cpython3"},{"name":"package","value":"tests.test_selene_with_decorator"},{"name":"resultFormat","value":"allure2"}],"parameters":[],"links":[{"name":"Testing","url":"https://github.com","type":"link"}],"hidden":false,"retry":false,"extra":{"severity":"critical","owner":"s.tuvykina","retries":[],"categories":[{"name":"Test defects","matchedStatuses":[],"flaky":false}],"history":{"statistic":{"failed":0,"broken":4,"skipped":0,"passed":0,"unknown":0,"total":4},"items":[{"uid":"ed71e37f302c2277","reportUrl":"https://sofiaTuv.github.io/qa_guru_python_8_9/5//#testresult/ed71e37f302c2277","status":"broken","statusDetails":"selenium.common.exceptions.SessionNotCreatedException: Message: session not created: Chrome failed to start: exited normally.\n  (session not created: DevToolsActivePort file doesn't exist)\n  (The process started from chrome location /opt/google/chrome/chrome is no longer running, so ChromeDriver is assuming that Chrome has crashed.)\nStacktrace:\n#0 0x55fd75ce1fb3 <unknown>\n#1 0x55fd759b54a7 <unknown>\n#2 0x55fd759e8c93 <unknown>\n#3 0x55fd759e510c <unknown>\n#4 0x55fd75a27ac6 <unknown>\n#5 0x55fd75a1e713 <unknown>\n#6 0x55fd759f118b <unknown>\n#7 0x55fd759f1f7e <unknown>\n#8 0x55fd75ca78d8 <unknown>\n#9 0x55fd75cab800 <unknown>\n#10 0x55fd75cb5cfc <unknown>\n#11 0x55fd75cac418 <unknown>\n#12 0x55fd75c7942f <unknown>\n#13 0x55fd75cd04e8 <unknown>\n#14 0x55fd75cd06b4 <unknown>\n#15 0x55fd75ce1143 <unknown>\n#16 0x7f01e8694b43 <unknown>","time":{"start":1697136017901,"stop":1697136018884,"duration":983}},{"uid":"143717ba6e94603d","reportUrl":"https://sofiaTuv.github.io/qa_guru_python_8_9/3//#testresult/143717ba6e94603d","status":"broken","statusDetails":"selenium.common.exceptions.SessionNotCreatedException: Message: session not created: Chrome failed to start: exited normally.\n  (session not created: DevToolsActivePort file doesn't exist)\n  (The process started from chrome location /opt/google/chrome/chrome is no longer running, so ChromeDriver is assuming that Chrome has crashed.)\nStacktrace:\n#0 0x561b36003fb3 <unknown>\n#1 0x561b35cd74a7 <unknown>\n#2 0x561b35d0ac93 <unknown>\n#3 0x561b35d0710c <unknown>\n#4 0x561b35d49ac6 <unknown>\n#5 0x561b35d40713 <unknown>\n#6 0x561b35d1318b <unknown>\n#7 0x561b35d13f7e <unknown>\n#8 0x561b35fc98d8 <unknown>\n#9 0x561b35fcd800 <unknown>\n#10 0x561b35fd7cfc <unknown>\n#11 0x561b35fce418 <unknown>\n#12 0x561b35f9b42f <unknown>\n#13 0x561b35ff24e8 <unknown>\n#14 0x561b35ff26b4 <unknown>\n#15 0x561b36003143 <unknown>\n#16 0x7f44bec94b43 <unknown>","time":{"start":1697135623356,"stop":1697135624212,"duration":856}},{"uid":"e48b0fb541d238c4","reportUrl":"https://sofiaTuv.github.io/qa_guru_python_8_9/3//#testresult/e48b0fb541d238c4","status":"broken","statusDetails":"selenium.common.exceptions.SessionNotCreatedException: Message: session not created: Chrome failed to start: exited normally.\n  (session not created: DevToolsActivePort file doesn't exist)\n  (The process started from chrome location /opt/google/chrome/chrome is no longer running, so ChromeDriver is assuming that Chrome has crashed.)\nStacktrace:\n#0 0x55bbef1cefb3 <unknown>\n#1 0x55bbeeea24a7 <unknown>\n#2 0x55bbeeed5c93 <unknown>\n#3 0x55bbeeed210c <unknown>\n#4 0x55bbeef14ac6 <unknown>\n#5 0x55bbeef0b713 <unknown>\n#6 0x55bbeeede18b <unknown>\n#7 0x55bbeeedef7e <unknown>\n#8 0x55bbef1948d8 <unknown>\n#9 0x55bbef198800 <unknown>\n#10 0x55bbef1a2cfc <unknown>\n#11 0x55bbef199418 <unknown>\n#12 0x55bbef16642f <unknown>\n#13 0x55bbef1bd4e8 <unknown>\n#14 0x55bbef1bd6b4 <unknown>\n#15 0x55bbef1ce143 <unknown>\n#16 0x7fb41d294b43 <unknown>","time":{"start":1697135202251,"stop":1697135203281,"duration":1030}}]},"tags":["web"]},"source":"b10403234d87d7be.json","parameterValues":[]}